<?xml version="1.0" encoding="UTF-8"?>
<!-- Generated by org.testng.reporters.JUnitReportReporter -->
<testsuite hostname="DESKTOP-I93VVF5" failures="0" tests="3" name="packageName.Day4" time="0.004" errors="0" timestamp="2024-07-17T10:43:14 IST" skipped="0">
  <testcase classname="packageName.Day4" name="MobileloginHomeLoan" time="0.001"/>
  <system-out/>
  <testcase classname="packageName.Day4" name="APIloginHomeLoan" time="0.002"/>
  <system-out/>
  <testcase classname="packageName.Day4" name="WebloginHomeLoan" time="0.001"/>
  <system-out/>
</testsuite> <!-- packageName.Day4 -->
