<?xml version="1.0" encoding="UTF-8"?>
<!-- Generated by org.testng.reporters.JUnitReportReporter -->
<testsuite hostname="DESKTOP-I93VVF5" failures="0" tests="6" name="packageName.Day3" time="0.027" errors="0" timestamp="2024-07-17T10:43:14 IST" skipped="1">
  <testcase classname="packageName.Day3" name="mobileSignUpCarLoan" time="0.008"/>
  <system-out/>
  <testcase classname="packageName.Day3" name="mobileSignOutCarLoan" time="0.006"/>
  <system-out/>
  <testcase classname="packageName.Day3" name="mobileSignOutCarLoan" time="0.003"/>
  <system-out/>
  <testcase classname="packageName.Day3" name="mobileSignOutCarLoan" time="0.003"/>
  <system-out/>
  <testcase classname="packageName.Day3" name="WebLoginCarLoan" time="0.007"/>
  <system-out/>
  <testcase classname="packageName.Day3" name="mobileloginCarLoan">
    <skipped/>
  </testcase> <!-- mobileloginCarLoan -->
  <system-out/>
</testsuite> <!-- packageName.Day3 -->
